<?xml version="1.0" encoding="UTF-8"?>
<!-- Generated by org.testng.reporters.JUnitXMLReporter -->
<testsuite ignored="0" hostname="DESKTOP-958FB9I" failures="0" tests="12" name="Default test" time="6.89" errors="0" timestamp="2024-05-07T10:49:23 IST">
  <testcase classname="SwagLabs.SauceDemo" name="OpenApp" time="3.552"/>
  <testcase classname="SwagLabs.SauceDemo" name="Login" time="0.336"/>
  <testcase classname="SwagLabs.SauceDemo" name="Search" time="0.001"/>
  <testcase classname="SwagLabs.SauceDemo" name="AddtoCart" time="0.087"/>
  <testcase classname="SwagLabs.SauceDemo" name="GoToCart" time="0.056"/>
  <testcase classname="SwagLabs.SauceDemo" name="CheckOut" time="0.059"/>
  <testcase classname="SwagLabs.SauceDemo" name="CheckOutInformation" time="0.193"/>
  <testcase classname="SwagLabs.SauceDemo" name="Continue" time="0.064"/>
  <testcase classname="SwagLabs.SauceDemo" name="Finish" time="0.051"/>
  <testcase classname="SwagLabs.SauceDemo" name="BackHome" time="0.053"/>
  <testcase classname="SwagLabs.SauceDemo" name="Logout" time="2.18"/>
  <testcase classname="SwagLabs.SauceDemo" name="CloseApp" time="0.176"/>
</testsuite> <!-- Default test -->
